Using pre-set license
Built from '2021.3/staging' branch; Version is '2021.3.10f1 (1c7d0df0160b) revision 1867021'; Using compiler version '192829333'; Build Type 'Release'
OS: 'Windows 10  (10.0.19043) 64bit Core' Language: 'es' Physical Memory: 16301 MB
BatchMode: 1, IsHumanControllingUs: 0, StartBugReporterOnCrash: 0, Is64bit: 1, IsPro: 1

COMMAND LINE ARGUMENTS:
C:\Program Files\Unity\Hub\Editor\2021.3.10f1\Editor\Unity.exe
-adb2
-batchMode
-noUpm
-name
AssetImportWorker4
-projectPath
C:/Users/Usuario/Desktop/IA-Exercices/IA Learning
-logFile
Logs/AssetImportWorker4.log
-srvPort
56998
Successfully changed project path to: C:/Users/Usuario/Desktop/IA-Exercices/IA Learning
C:/Users/Usuario/Desktop/IA-Exercices/IA Learning
[UnityMemory] Configuration Parameters - Can be set up in boot.config
    "memorysetup-bucket-allocator-granularity=16"
    "memorysetup-bucket-allocator-bucket-count=8"
    "memorysetup-bucket-allocator-block-size=33554432"
    "memorysetup-bucket-allocator-block-count=8"
    "memorysetup-main-allocator-block-size=16777216"
    "memorysetup-thread-allocator-block-size=16777216"
    "memorysetup-gfx-main-allocator-block-size=16777216"
    "memorysetup-gfx-thread-allocator-block-size=16777216"
    "memorysetup-cache-allocator-block-size=4194304"
    "memorysetup-typetree-allocator-block-size=2097152"
    "memorysetup-profiler-bucket-allocator-granularity=16"
    "memorysetup-profiler-bucket-allocator-bucket-count=8"
    "memorysetup-profiler-bucket-allocator-block-size=33554432"
    "memorysetup-profiler-bucket-allocator-block-count=8"
    "memorysetup-profiler-allocator-block-size=16777216"
    "memorysetup-profiler-editor-allocator-block-size=1048576"
    "memorysetup-temp-allocator-size-main=16777216"
    "memorysetup-job-temp-allocator-block-size=2097152"
    "memorysetup-job-temp-allocator-block-size-background=1048576"
    "memorysetup-job-temp-allocator-reduction-small-platforms=262144"
    "memorysetup-temp-allocator-size-background-worker=32768"
    "memorysetup-temp-allocator-size-job-worker=262144"
    "memorysetup-temp-allocator-size-preload-manager=33554432"
    "memorysetup-temp-allocator-size-nav-mesh-worker=65536"
    "memorysetup-temp-allocator-size-audio-worker=65536"
    "memorysetup-temp-allocator-size-cloud-worker=32768"
    "memorysetup-temp-allocator-size-gi-baking-worker=262144"
    "memorysetup-temp-allocator-size-gfx=262144"
Refreshing native plugins compatible for Editor in 82.49 ms, found 3 plugins.
Preloading 0 native plugins for Editor in 0.00 ms.
Initialize engine version: 2021.3.10f1 (1c7d0df0160b)
[Subsystems] Discovering subsystems at path C:/Program Files/Unity/Hub/Editor/2021.3.10f1/Editor/Data/Resources/UnitySubsystems
[Subsystems] Discovering subsystems at path C:/Users/Usuario/Desktop/IA-Exercices/IA Learning/Assets
GfxDevice: creating device client; threaded=0; jobified=0
Direct3D:
    Version:  Direct3D 11.0 [level 11.1]
    Renderer: NVIDIA GeForce RTX 2060 (ID=0x1f08)
    Vendor:   NVIDIA
    VRAM:     5980 MB
    Driver:   27.21.14.5751
Initialize mono
Mono path[0] = 'C:/Program Files/Unity/Hub/Editor/2021.3.10f1/Editor/Data/Managed'
Mono path[1] = 'C:/Program Files/Unity/Hub/Editor/2021.3.10f1/Editor/Data/MonoBleedingEdge/lib/mono/unityjit-win32'
Mono config path = 'C:/Program Files/Unity/Hub/Editor/2021.3.10f1/Editor/Data/MonoBleedingEdge/etc'
Using monoOptions --debugger-agent=transport=dt_socket,embedding=1,server=y,suspend=n,address=127.0.0.1:56952
Begin MonoManager ReloadAssembly
Registering precompiled unity dll's ...
Register platform support module: C:/Program Files/Unity/Hub/Editor/2021.3.10f1/Editor/Data/PlaybackEngines/WindowsStandaloneSupport/UnityEditor.WindowsStandalone.Extensions.dll
Registered in 0.007313 seconds.
Native extension for WindowsStandalone target not found
Refreshing native plugins compatible for Editor in 78.00 ms, found 3 plugins.
Preloading 0 native plugins for Editor in 0.00 ms.
Mono: successfully reloaded assembly
- Completed reload, in  0.636 seconds
Domain Reload Profiling:
	ReloadAssembly (636ms)
		BeginReloadAssembly (85ms)
			ExecutionOrderSort (0ms)
			DisableScriptedObjects (0ms)
			BackupInstance (0ms)
			ReleaseScriptingObjects (0ms)
			CreateAndSetChildDomain (1ms)
		EndReloadAssembly (448ms)
			LoadAssemblies (82ms)
			RebuildTransferFunctionScriptingTraits (0ms)
			SetupTypeCache (90ms)
			ReleaseScriptCaches (0ms)
			RebuildScriptCaches (24ms)
			SetupLoadedEditorAssemblies (280ms)
				LogAssemblyErrors (0ms)
				InitializePlatformSupportModulesInManaged (7ms)
				SetLoadedEditorAssemblies (0ms)
				RefreshPlugins (78ms)
				BeforeProcessingInitializeOnLoad (1ms)
				ProcessInitializeOnLoadAttributes (145ms)
				ProcessInitializeOnLoadMethodAttributes (48ms)
				AfterProcessingInitializeOnLoad (0ms)
				EditorAssembliesLoaded (0ms)
			ExecutionOrderSort2 (0ms)
			AwakeInstancesAfterBackupRestoration (0ms)
Platform modules already initialized, skipping
Registering precompiled user dll's ...
Registered in 0.007058 seconds.
Begin MonoManager ReloadAssembly
Symbol file LoadedFromMemory doesn't match image C:\Users\Usuario\Desktop\IA-Exercices\IA Learning\Library\PackageCache\com.unity.visualscripting@1.7.8\Editor\VisualScripting.Core\Dependencies\YamlDotNet\Unity.VisualScripting.YamlDotNet.dll
Symbol file LoadedFromMemory doesn't match image C:\Users\Usuario\Desktop\IA-Exercices\IA Learning\Library\PackageCache\com.unity.visualscripting@1.7.8\Editor\VisualScripting.Core\Dependencies\DotNetZip\Unity.VisualScripting.IonicZip.dll
Native extension for WindowsStandalone target not found
Refreshing native plugins compatible for Editor in 0.60 ms, found 3 plugins.
Preloading 0 native plugins for Editor in 0.00 ms.
Mono: successfully reloaded assembly
- Completed reload, in  1.043 seconds
Domain Reload Profiling:
	ReloadAssembly (1044ms)
		BeginReloadAssembly (111ms)
			ExecutionOrderSort (0ms)
			DisableScriptedObjects (5ms)
			BackupInstance (0ms)
			ReleaseScriptingObjects (0ms)
			CreateAndSetChildDomain (17ms)
		EndReloadAssembly (821ms)
			LoadAssemblies (85ms)
			RebuildTransferFunctionScriptingTraits (0ms)
			SetupTypeCache (293ms)
			ReleaseScriptCaches (1ms)
			RebuildScriptCaches (57ms)
			SetupLoadedEditorAssemblies (357ms)
				LogAssemblyErrors (0ms)
				InitializePlatformSupportModulesInManaged (6ms)
				SetLoadedEditorAssemblies (0ms)
				RefreshPlugins (1ms)
				BeforeProcessingInitializeOnLoad (91ms)
				ProcessInitializeOnLoadAttributes (227ms)
				ProcessInitializeOnLoadMethodAttributes (24ms)
				AfterProcessingInitializeOnLoad (8ms)
				EditorAssembliesLoaded (0ms)
			ExecutionOrderSort2 (0ms)
			AwakeInstancesAfterBackupRestoration (7ms)
Platform modules already initialized, skipping
========================================================================
Worker process is ready to serve import requests
Launched and connected shader compiler UnityShaderCompiler.exe after 0.04 seconds
Refreshing native plugins compatible for Editor in 0.55 ms, found 3 plugins.
Preloading 0 native plugins for Editor in 0.00 ms.
Unloading 3382 Unused Serialized files (Serialized files now loaded: 0)
Unloading 27 unused Assets / (114.0 KB). Loaded Objects now: 3844.
Memory consumption went from 118.6 MB to 118.4 MB.
Total: 2.612500 ms (FindLiveObjects: 0.270600 ms CreateObjectMapping: 0.166200 ms MarkObjects: 2.088200 ms  DeleteObjects: 0.086500 ms)

AssetImportParameters requested are different than current active one (requested -> active):
  custom:video-decoder-ogg-theora: a1e56fd34408186e4bbccfd4996cb3dc -> 
  custom:container-muxer-webm: aa71ff27fc2769a1b78a27578f13a17b -> 
  custom:container-demuxer-webm: 4f35f7cbe854078d1ac9338744f61a02 -> 
  custom:video-encoder-webm-vp8: eb34c28f22e8b96e1ab97ce403110664 -> 
  custom:audio-encoder-webm-vorbis: bf7c407c2cedff20999df2af8eb42d56 -> 
  custom:framework-win-MediaFoundation: 216162199b28c13a410421893ffa2e32 -> 
  custom:container-demuxer-ogg: 62fdf1f143b41e24485cea50d1cbac27 -> 
  custom:video-decoder-webm-vp8: 9c59270c3fd7afecdb556c50c9e8de78 -> 
  custom:audio-decoder-ogg-vorbis: bf7c407c2cedff20999df2af8eb42d56 -> 
========================================================================
Received Import Request.
  Time since last request: 248232.112551 seconds.
  path: Assets/Pistol/Prefabs/Browning_hp.prefab
  artifactKey: Guid(60d3e188f24c6f04c91a73edec42dfa4) Importer(815301076,1909f56bfc062723c751e8b465ee728b)
Start importing Assets/Pistol/Prefabs/Browning_hp.prefab using Guid(60d3e188f24c6f04c91a73edec42dfa4) Importer(815301076,1909f56bfc062723c751e8b465ee728b)  -> (artifact id: '2cb444847d089ebd0754b36f742a3b42') in 0.173407 seconds 
========================================================================
Received Import Request.
  Time since last request: 0.031191 seconds.
  path: Assets/Pistol/Prefabs/Pistol.prefab
  artifactKey: Guid(3d3a4f5fcb4669e4396a9e4382609315) Importer(815301076,1909f56bfc062723c751e8b465ee728b)
Start importing Assets/Pistol/Prefabs/Pistol.prefab using Guid(3d3a4f5fcb4669e4396a9e4382609315) Importer(815301076,1909f56bfc062723c751e8b465ee728b)  -> (artifact id: '8a60bc24b1de2f41947b4f59f96f230d') in 0.067577 seconds 
========================================================================
Received Import Request.
  Time since last request: 48.226056 seconds.
  path: Assets/Pistol/Prefabs/Bullet.prefab
  artifactKey: Guid(6f4e939fec81588468af6467480485b7) Importer(815301076,1909f56bfc062723c751e8b465ee728b)
Start importing Assets/Pistol/Prefabs/Bullet.prefab using Guid(6f4e939fec81588468af6467480485b7) Importer(815301076,1909f56bfc062723c751e8b465ee728b)  -> (artifact id: 'a2ac8e5c12ef420c7e169a59e42d897e') in 0.044971 seconds 
========================================================================
Received Import Request.
  Time since last request: 132.977792 seconds.
  path: Assets/YughuesFreeMetalMaterials/Demo/DEMO_YFMM_SphereMesh.FBX
  artifactKey: Guid(4f949ae83a043c64d9ee5d95fc9db193) Importer(815301076,1909f56bfc062723c751e8b465ee728b)
Start importing Assets/YughuesFreeMetalMaterials/Demo/DEMO_YFMM_SphereMesh.FBX using Guid(4f949ae83a043c64d9ee5d95fc9db193) Importer(815301076,1909f56bfc062723c751e8b465ee728b)  -> (artifact id: '542c6475783b993841d5925def60260c') in 0.067487 seconds 
========================================================================
Received Import Request.
  Time since last request: 5.856161 seconds.
  path: Assets/Devil AI/Devil.prefab
  artifactKey: Guid(a490b45355a588d43add29fc7852fcc2) Importer(815301076,1909f56bfc062723c751e8b465ee728b)
Start importing Assets/Devil AI/Devil.prefab using Guid(a490b45355a588d43add29fc7852fcc2) Importer(815301076,1909f56bfc062723c751e8b465ee728b)  -> (artifact id: 'bb5eb7a28f36d150846b66dd2e9a1cec') in 0.058973 seconds 
========================================================================
Received Import Request.
  Time since last request: 7.244480 seconds.
  path: Assets/Ground stuff/Ground material.mat
  artifactKey: Guid(6eaf692051a2a70498e97d58573e66e7) Importer(815301076,1909f56bfc062723c751e8b465ee728b)
Start importing Assets/Ground stuff/Ground material.mat using Guid(6eaf692051a2a70498e97d58573e66e7) Importer(815301076,1909f56bfc062723c751e8b465ee728b)  -> (artifact id: '7d73cf62ef95a3b6aa23b96c444815b3') in 0.025338 seconds 
========================================================================
Received Import Request.
  Time since last request: 14.722178 seconds.
  path: Assets/Pistol/Prefabs/Browning_hp.prefab
  artifactKey: Guid(60d3e188f24c6f04c91a73edec42dfa4) Importer(815301076,1909f56bfc062723c751e8b465ee728b)
Start importing Assets/Pistol/Prefabs/Browning_hp.prefab using Guid(60d3e188f24c6f04c91a73edec42dfa4) Importer(815301076,1909f56bfc062723c751e8b465ee728b)  -> (artifact id: '8be7d3d219ce27a15490a72b9c329992') in 0.126318 seconds 
========================================================================
Received Import Request.
  Time since last request: 0.316536 seconds.
  path: Assets/Pistol/Pistol.FBX
  artifactKey: Guid(788267e74b26df7408c35e159e98bcb9) Importer(815301076,1909f56bfc062723c751e8b465ee728b)
Start importing Assets/Pistol/Pistol.FBX using Guid(788267e74b26df7408c35e159e98bcb9) Importer(815301076,1909f56bfc062723c751e8b465ee728b)  -> (artifact id: '1fb5eb95bebea3b13ee377bb56214541') in 0.132352 seconds 
